<?xml version="1.0" encoding="UTF-8"?>
<!-- Generated by org.testng.reporters.JUnitReportReporter -->
<testsuite hostname="macs-MacBook-Pro.local" failures="0" tests="1" name="Last.Miscellaneous" time="23.706" errors="0" timestamp="2023-02-14T18:29:50 WAT" skipped="0">
  <testcase classname="Last.Miscellaneous" name="clipBoardandRotation" time="23.706"/>
  <system-out/>
</testsuite> <!-- Last.Miscellaneous -->
