<?xml version="1.0" encoding="UTF-8"?>
<!-- Generated by org.testng.reporters.JUnitReportReporter -->
<testsuite hostname="macs-MacBook-Pro.local" failures="0" tests="1" name="Last.SwipeGesture" time="9.973" errors="0" timestamp="2023-02-12T05:25:15 WAT" skipped="0">
  <testcase classname="Last.SwipeGesture" name="swipeGesture" time="9.973"/>
  <system-out/>
</testsuite> <!-- Last.SwipeGesture -->
