<?xml version="1.0" encoding="UTF-8"?>
<!-- Generated by org.testng.reporters.JUnitReportReporter -->
<testsuite hostname="macs-MacBook-Pro.local" failures="0" tests="1" name="Last.Finale" time="25.545" errors="0" timestamp="2023-01-31T22:48:20 WAT" skipped="0">
  <testcase classname="Last.Finale" name="AppiumTest" time="25.545"/>
  <system-out/>
</testsuite> <!-- Last.Finale -->
