<?xml version="1.0" encoding="UTF-8"?>
<!-- Generated by org.testng.reporters.JUnitReportReporter -->
<testsuite hostname="macs-MacBook-Pro.local" failures="0" tests="1" name="Last.Finale" time="8.961" errors="0" timestamp="2023-02-12T05:23:10 WAT" skipped="0">
  <testcase classname="Last.Finale" name="setWifiName" time="8.961"/>
  <system-out/>
</testsuite> <!-- Last.Finale -->
