<?xml version="1.0" encoding="UTF-8"?>
<!-- Generated by org.testng.reporters.JUnitReportReporter -->
<testsuite hostname="macs-MacBook-Pro.local" failures="0" tests="1" name="Last.AppActivity" time="10.528" errors="0" timestamp="2023-02-17T20:13:38 WAT" skipped="0">
  <testcase classname="Last.AppActivity" name="MultipleChoiceList" time="10.528"/>
  <system-out/>
</testsuite> <!-- Last.AppActivity -->
