<?xml version="1.0" encoding="UTF-8"?>
<!-- Generated by org.testng.reporters.JUnitReportReporter -->
<testsuite hostname="macs-MacBook-Pro.local" failures="0" tests="1" name="Last.Finale" time="12.811" errors="0" timestamp="2023-02-08T11:43:51 WAT" skipped="0">
  <testcase classname="Last.Finale" name="setWifiName" time="12.811"/>
  <system-out/>
</testsuite> <!-- Last.Finale -->
