<?xml version="1.0" encoding="UTF-8"?>
<!-- Generated by org.testng.reporters.JUnitReportReporter -->
<testsuite hostname="macs-MacBook-Pro.local" failures="0" tests="1" name="Last.dragDrop" time="8.699" errors="0" timestamp="2023-02-12T06:01:18 WAT" skipped="0">
  <testcase classname="Last.dragDrop" name="swipeGesture" time="8.699"/>
  <system-out/>
</testsuite> <!-- Last.dragDrop -->
