<?xml version="1.0" encoding="UTF-8"?>
<!-- Generated by org.testng.reporters.JUnitReportReporter -->
<testsuite hostname="macs-MacBook-Pro.local" failures="0" tests="1" name="Last.LongPress" time="16.324" errors="0" timestamp="2023-02-10T03:40:34 WAT" skipped="0">
  <testcase classname="Last.LongPress" name="longPress" time="16.324"/>
  <system-out/>
</testsuite> <!-- Last.LongPress -->
