<?xml version="1.0" encoding="UTF-8"?>
<!-- Generated by org.testng.reporters.JUnitReportReporter -->
<testsuite hostname="macs-MacBook-Pro.local" failures="0" tests="1" name="Last.Finale" time="13.200" errors="0" timestamp="2023-02-08T16:04:05 WAT" skipped="0">
  <testcase classname="Last.Finale" name="setWifiName" time="13.200"/>
  <system-out/>
</testsuite> <!-- Last.Finale -->
