<?xml version="1.0" encoding="UTF-8"?>
<!-- Generated by org.testng.reporters.JUnitReportReporter -->
<testsuite hostname="macs-MacBook-Pro.local" failures="0" tests="5" name="Last.Project_1" time="23.652" errors="0" timestamp="2023-02-14T18:34:31 WAT" skipped="0">
  <testcase classname="Last.Project_1" name="diaglogBox_2" time="2.214"/>
  <system-out/>
  <testcase classname="Last.Project_1" name="SingleChoiceList" time="3.595"/>
  <system-out/>
  <testcase classname="Last.Project_1" name="diaglogBox_1" time="2.404"/>
  <system-out/>
  <testcase classname="Last.Project_1" name="listDialog" time="3.616"/>
  <system-out/>
  <testcase classname="Last.Project_1" name="MultipleChoiceList" time="11.823"/>
  <system-out/>
</testsuite> <!-- Last.Project_1 -->
