<?xml version="1.0" encoding="UTF-8"?>
<!-- Generated by org.testng.reporters.JUnitReportReporter -->
<testsuite hostname="macs-MacBook-Pro.local" failures="0" tests="1" name="Last.scrollAction" time="24.627" errors="0" timestamp="2023-02-12T05:24:46 WAT" skipped="0">
  <testcase classname="Last.scrollAction" name="scrollIntoView" time="24.627"/>
  <system-out/>
</testsuite> <!-- Last.scrollAction -->
