<?xml version="1.0" encoding="UTF-8"?>
<!-- Generated by org.testng.reporters.JUnitReportReporter -->
<testsuite hostname="macs-MacBook-Pro.local" failures="0" tests="1" name="Last.LongPress" time="12.906" errors="0" timestamp="2023-02-12T05:24:06 WAT" skipped="0">
  <testcase classname="Last.LongPress" name="longPress" time="12.906"/>
  <system-out/>
</testsuite> <!-- Last.LongPress -->
